<?xml version="1.0" encoding="UTF-8"?>
<!-- Generated by org.testng.reporters.JUnitReportReporter -->
<testsuite hostname="DESKTOP-B44AK83" failures="0" tests="2" name="MainTest" time="0.018" errors="0" timestamp="2022-05-14T14:49:08 MSK" skipped="0">
  <testcase classname="MainTest" name="testAbbr4" time="0.018"/>
  <system-out/>
  <testcase classname="MainTest" name="testAbbr8" time="0.000"/>
  <system-out/>
</testsuite> <!-- MainTest -->
